0 0 r 2 0 1 
0 0 g 2 0 1 
0 0 b 2 0 1 
0 1 r 2 1 1 
0 1 g 2 0 2 
0 1 b 2 0 2 
0 2 r 2 0 2 
0 2 g 2 1 2 
0 2 b 2 0 3 
1 0 r 2 0 3 
1 0 g 2 0 3 
1 0 b 2 1 3 
1 2 r 2 0 4 
1 2 g 2 0 4 
1 2 b 2 0 4 
2 0 r 2 1 4 
2 0 g 2 0 5 
2 0 b 2 0 5 
2 1 r 2 0 5 
2 1 g 2 1 5 
2 1 b 2 0 6 
2 2 r 2 0 6 
2 2 g 2 0 6 
2 2 b 2 1 6 
0 3 r 2 0 7 
0 3 g 2 0 7 
0 3 b 2 0 7 
0 4 r 2 1 7 
0 4 g 2 0 8 
0 4 b 2 0 8 
0 5 r 2 0 8 
0 5 g 2 1 8 
0 5 b 2 0 9 
1 3 r 2 0 9 
1 3 g 2 0 9 
1 3 b 2 1 9 
1 5 r 2 0 10 
1 5 g 2 0 10 
1 5 b 2 0 10 
2 3 r 2 0 11 
2 3 g 2 0 11 
2 3 b 2 0 11 
2 4 r 2 0 12 
2 4 g 2 0 12 
2 4 b 2 0 12 
2 5 r 2 1 12 
2 5 g 2 0 13 
2 5 b 2 0 13 
0 6 r 2 0 13 
0 6 g 2 1 13 
0 6 b 2 0 14 
0 7 r 2 0 14 
0 7 g 2 0 14 
0 7 b 2 1 14 
0 8 r 2 0 15 
0 8 g 2 0 15 
0 8 b 2 0 15 
1 6 r 2 1 15 
1 6 g 2 0 16 
1 6 b 2 0 16 
1 8 r 2 0 16 
1 8 g 2 1 16 
1 8 b 2 0 17 
2 6 r 2 0 17 
2 6 g 2 0 17 
2 6 b 2 0 18 
2 7 r 2 0 18 
2 7 g 2 0 18 
2 7 b 2 0 19 
2 8 r 2 0 19 
2 8 g 2 0 19 
2 8 b 2 1 19 
0 9 r 2 0 20 
0 9 g 2 0 20 
0 9 b 2 0 20 
0 10 r 2 1 20 
0 10 g 2 0 21 
0 10 b 2 0 21 
0 11 r 2 0 21 
0 11 g 2 0 22 
0 11 b 2 0 22 
1 9 r 2 0 22 
1 9 g 2 1 22 
1 9 b 2 0 23 
1 11 r 2 0 23 
1 11 g 2 0 23 
1 11 b 2 0 24 
2 9 r 2 0 24 
2 9 g 2 0 24 
2 9 b 2 1 24 
2 10 r 2 0 25 
2 10 g 2 0 25 
2 10 b 2 0 25 
2 11 r 2 1 25 
2 11 g 2 0 26 
2 11 b 2 0 26 
0 12 r 2 0 26 
0 12 g 2 1 26 
0 12 b 2 0 27 
0 13 r 2 0 27 
0 13 g 2 0 27 
0 13 b 2 0 28 
0 14 r 2 0 28 
0 14 g 2 0 28 
0 14 b 2 1 28 
1 12 r 2 0 29 
1 12 g 2 0 29 
1 12 b 2 0 29 
1 14 r 2 0 30 
1 14 g 2 0 30 
1 14 b 2 0 30 
2 12 r 2 0 31 
2 12 g 2 0 31 
2 12 b 2 0 31 
2 13 r 2 1 31 
2 13 g 2 0 32 
2 13 b 2 0 32 
2 14 r 2 0 32 
2 14 g 2 1 32 
2 14 b 2 0 33 
0 15 r 2 0 33 
0 15 g 2 0 33 
0 15 b 2 1 33 
0 16 r 2 0 34 
0 16 g 2 0 34 
0 16 b 2 0 34 
0 17 r 2 1 34 
0 17 g 2 0 35 
0 17 b 2 0 35 
1 15 r 2 0 35 
1 15 g 2 1 35 
1 15 b 2 0 36 
1 17 r 2 0 36 
1 17 g 2 0 36 
1 17 b 2 1 36 
2 15 r 2 0 37 
2 15 g 2 0 37 
2 15 b 2 0 37 
2 16 r 2 1 37 
2 16 g 2 0 38 
2 16 b 2 0 38 
2 17 r 2 0 38 
2 17 g 2 1 38 
2 17 b 2 0 39 
0 18 r 2 0 39 
0 18 g 2 0 39 
0 18 b 2 1 39 
0 19 r 2 0 40 
0 19 g 2 0 40 
0 19 b 2 0 40 
0 20 r 2 1 40 
0 20 g 2 0 41 
0 20 b 2 0 41 
1 18 r 2 0 41 
1 18 g 2 1 41 
1 18 b 2 0 42 
1 20 r 2 0 42 
1 20 g 2 0 42 
1 20 b 2 1 42 
2 18 r 2 0 43 
2 18 g 2 0 43 
2 18 b 2 0 43 
2 19 r 2 0 44 
2 19 g 2 0 44 
2 19 b 2 0 44 
2 20 r 2 1 44 
2 20 g 2 0 45 
2 20 b 2 0 45 
0 21 r 2 0 45 
0 21 g 2 0 46 
0 21 b 2 0 46 
0 22 r 2 0 46 
0 22 g 2 1 46 
0 22 b 2 0 47 
0 23 r 2 0 47 
0 23 g 2 0 47 
0 23 b 2 1 47 
1 21 r 2 0 48 
1 21 g 2 0 48 
1 21 b 2 0 48 
1 23 r 2 1 48 
1 23 g 2 0 49 
1 23 b 2 0 49 
2 21 r 2 0 49 
2 21 g 2 0 50 
2 21 b 2 0 50 
2 22 r 2 0 50 
2 22 g 2 0 51 
2 22 b 2 0 51 
2 23 r 2 0 51 
2 23 g 2 1 51 
2 23 b 2 0 52 
0 24 r 2 0 52 
0 24 g 2 0 52 
0 24 b 2 1 52 
0 25 r 2 0 53 
0 25 g 2 0 53 
0 25 b 2 0 53 
0 26 r 2 1 53 
0 26 g 2 0 54 
0 26 b 2 0 54 
1 24 r 2 0 54 
1 24 g 2 1 54 
1 24 b 2 0 55 
1 26 r 2 0 55 
1 26 g 2 0 55 
1 26 b 2 1 55 
2 24 r 2 0 56 
2 24 g 2 0 56 
2 24 b 2 0 56 
2 25 r 2 1 56 
2 25 g 2 0 57 
2 25 b 2 0 57 
2 26 r 2 0 57 
2 26 g 2 1 57 
2 26 b 2 0 58 
0 27 r 2 0 58 
0 27 g 2 0 58 
0 27 b 2 1 58 
0 28 r 2 0 59 
0 28 g 2 0 59 
0 28 b 2 0 59 
0 29 r 2 1 59 
0 29 g 2 0 60 
0 29 b 2 0 60 
1 27 r 2 0 60 
1 27 g 2 1 60 
1 27 b 2 0 61 
1 29 r 2 0 61 
1 29 g 2 0 61 
1 29 b 2 0 62 
2 27 r 2 0 62 
2 27 g 2 0 62 
2 27 b 2 1 62 
2 28 r 2 0 63 
2 28 g 2 0 63 
2 28 b 2 0 63 
2 29 r 2 1 63 
2 29 g 2 0 64 
2 29 b 2 0 64 
0 30 r 2 0 64 
0 30 g 2 1 64 
0 30 b 2 0 65 
0 31 r 2 0 65 
0 31 g 2 0 65 
0 31 b 2 1 65 
0 32 r 2 0 66 
0 32 g 2 0 66 
0 32 b 2 0 66 
1 30 r 2 1 66 
1 30 g 2 0 67 
1 30 b 2 0 67 
1 32 r 2 0 67 
1 32 g 2 1 67 
1 32 b 2 0 68 
2 30 r 2 0 68 
2 30 g 2 0 68 
2 30 b 2 1 68 
2 31 r 2 0 69 
2 31 g 2 0 69 
2 31 b 2 0 69 
2 32 r 2 1 69 
2 32 g 2 0 70 
2 32 b 2 0 70 
0 33 r 2 0 70 
0 33 g 2 1 70 
0 33 b 2 0 71 
0 34 r 2 0 71 
0 34 g 2 0 71 
0 34 b 2 1 71 
0 35 r 2 0 72 
0 35 g 2 0 72 
0 35 b 2 0 72 
1 33 r 2 1 72 
1 33 g 2 0 73 
1 33 b 2 0 73 
1 35 r 2 0 73 
1 35 g 2 1 73 
1 35 b 2 0 74 
2 33 r 2 0 74 
2 33 g 2 0 74 
2 33 b 2 1 74 
2 34 r 2 0 75 
2 34 g 2 0 75 
2 34 b 2 0 75 
2 35 r 2 1 75 
2 35 g 2 0 76 
2 35 b 2 0 76 
0 36 r 2 0 76 
0 36 g 2 1 76 
0 36 b 2 0 77 
0 37 r 2 0 77 
0 37 g 2 0 77 
0 37 b 2 1 77 
0 38 r 2 0 78 
0 38 g 2 0 78 
0 38 b 2 0 78 
1 36 r 2 1 78 
1 36 g 2 0 79 
1 36 b 2 0 79 
1 38 r 2 0 79 
1 38 g 2 1 79 
1 38 b 2 0 80 
2 36 r 2 0 80 
2 36 g 2 0 80 
2 36 b 2 1 80 
2 37 r 2 0 81 
2 37 g 2 0 81 
2 37 b 2 0 81 
2 38 r 2 1 81 
2 38 g 2 0 82 
2 38 b 2 0 82 
0 39 r 2 0 82 
0 39 g 2 0 83 
0 39 b 2 0 83 
0 40 r 2 0 83 
0 40 g 2 1 83 
0 40 b 2 0 84 
0 41 r 2 0 84 
0 41 g 2 0 84 
0 41 b 2 1 84 
1 39 r 2 0 85 
1 39 g 2 0 85 
1 39 b 2 0 85 
1 41 r 2 1 85 
1 41 g 2 0 86 
1 41 b 2 0 86 
2 39 r 2 0 86 
2 39 g 2 1 86 
2 39 b 2 0 87 
2 40 r 2 0 87 
2 40 g 2 0 87 
2 40 b 2 1 87 
2 41 r 2 0 88 
2 41 g 2 0 88 
2 41 b 2 0 88 
0 42 r 2 1 88 
0 42 g 2 0 89 
0 42 b 2 0 89 
0 43 r 2 0 89 
0 43 g 2 0 90 
0 43 b 2 0 90 
0 44 r 2 0 90 
0 44 g 2 1 90 
0 44 b 2 0 91 
1 42 r 2 0 91 
1 42 g 2 0 91 
1 42 b 2 1 91 
1 44 r 2 0 92 
1 44 g 2 0 92 
1 44 b 2 0 92 
2 42 r 2 1 92 
2 42 g 2 0 93 
2 42 b 2 0 93 
2 43 r 2 0 93 
2 43 g 2 1 93 
2 43 b 2 0 94 
2 44 r 2 0 94 
2 44 g 2 0 94 
2 44 b 2 1 94 
0 45 r 2 0 95 
0 45 g 2 0 95 
0 45 b 2 0 95 
0 46 r 2 0 96 
0 46 g 2 0 96 
0 46 b 2 0 96 
0 47 r 2 1 96 
0 47 g 2 0 97 
0 47 b 2 0 97 
1 45 r 2 0 97 
1 45 g 2 1 97 
1 45 b 2 0 98 
1 47 r 2 0 98 
1 47 g 2 0 98 
1 47 b 2 0 99 
2 45 r 2 0 99 
2 45 g 2 0 99 
2 45 b 2 1 99 
2 46 r 2 0 100 
2 46 g 2 0 100 
2 46 b 2 0 100 
2 47 r 2 1 100 
2 47 g 2 0 101 
2 47 b 2 0 101 
0 48 r 2 0 101 
0 48 g 2 1 101 
0 48 b 2 0 102 
0 49 r 2 0 102 
0 49 g 2 0 102 
0 49 b 2 1 102 
0 50 r 2 0 103 
0 50 g 2 0 103 
0 50 b 2 0 103 
1 48 r 2 1 103 
1 48 g 2 0 104 
1 48 b 2 0 104 
1 50 r 2 0 104 
1 50 g 2 1 104 
1 50 b 2 0 105 
2 48 r 2 0 105 
2 48 g 2 0 105 
2 48 b 2 0 106 
2 49 r 2 0 106 
2 49 g 2 0 106 
2 49 b 2 1 106 
2 50 r 2 0 107 
2 50 g 2 0 107 
2 50 b 2 0 107 
0 51 r 2 1 107 
0 51 g 2 0 108 
0 51 b 2 0 108 
0 52 r 2 0 108 
0 52 g 2 1 108 
0 52 b 2 0 109 
0 53 r 2 0 109 
0 53 g 2 0 109 
0 53 b 2 1 109 
1 51 r 2 0 110 
1 51 g 2 0 110 
1 51 b 2 0 110 
1 53 r 2 1 110 
1 53 g 2 0 111 
1 53 b 2 0 111 
2 51 r 2 0 111 
2 51 g 2 0 112 
2 51 b 2 0 112 
2 52 r 2 0 112 
2 52 g 2 1 112 
2 52 b 2 0 113 
2 53 r 2 0 113 
2 53 g 2 0 113 
2 53 b 2 0 114 
0 54 r 2 0 114 
0 54 g 2 0 114 
0 54 b 2 0 115 
0 55 r 2 0 115 
0 55 g 2 0 115 
0 55 b 2 1 115 
0 56 r 2 0 116 
0 56 g 2 0 116 
0 56 b 2 0 116 
1 54 r 2 0 117 
1 54 g 2 0 117 
1 54 b 2 0 117 
1 56 r 2 1 117 
1 56 g 2 0 118 
1 56 b 2 0 118 
2 54 r 2 0 118 
2 54 g 2 1 118 
2 54 b 2 0 119 
2 55 r 2 0 119 
2 55 g 2 0 119 
2 55 b 2 1 119 
2 56 r 2 0 120 
2 56 g 2 0 120 
2 56 b 2 0 120 
0 57 r 2 1 120 
0 57 g 2 0 121 
0 57 b 2 0 121 
0 58 r 2 0 121 
0 58 g 2 1 121 
0 58 b 2 0 122 
0 59 r 2 0 122 
0 59 g 2 0 122 
0 59 b 2 1 122 
1 57 r 2 0 123 
1 57 g 2 0 123 
1 57 b 2 0 123 
1 59 r 2 0 124 
1 59 g 2 0 124 
1 59 b 2 0 124 
2 57 r 2 1 124 
2 57 g 2 0 125 
2 57 b 2 0 125 
2 58 r 2 0 125 
2 58 g 2 1 125 
2 58 b 2 0 126 
2 59 r 2 0 126 
2 59 g 2 0 126 
2 59 b 2 1 126 
0 60 r 2 0 127 
0 60 g 2 0 127 
0 60 b 2 0 127 
0 61 r 2 1 127 
0 61 g 2 0 128 
0 61 b 2 0 128 
0 62 r 2 0 128 
0 62 g 2 1 128 
0 62 b 2 0 129 
1 60 r 2 0 129 
1 60 g 2 0 129 
1 60 b 2 0 130 
1 62 r 2 0 130 
1 62 g 2 0 130 
1 62 b 2 1 130 
2 60 r 2 0 131 
2 60 g 2 0 131 
2 60 b 2 0 131 
2 61 r 2 0 132 
2 61 g 2 0 132 
2 61 b 2 0 132 
2 62 r 2 1 132 
2 62 g 2 0 133 
2 62 b 2 0 133 
0 63 r 2 0 133 
0 63 g 2 1 133 
0 63 b 2 0 134 
0 64 r 2 0 134 
0 64 g 2 0 134 
0 64 b 2 1 134 
0 65 r 2 0 135 
0 65 g 2 0 135 
0 65 b 2 0 135 
1 63 r 2 1 135 
1 63 g 2 0 136 
1 63 b 2 0 136 
1 65 r 2 0 136 
1 65 g 2 1 136 
1 65 b 2 0 137 
2 63 r 2 0 137 
2 63 g 2 0 137 
2 63 b 2 1 137 
2 64 r 2 0 138 
2 64 g 2 0 138 
2 64 b 2 0 138 
2 65 r 2 1 138 
2 65 g 2 0 139 
2 65 b 2 0 139 
0 66 r 2 0 139 
0 66 g 2 0 140 
0 66 b 2 0 140 
0 67 r 2 0 140 
0 67 g 2 1 140 
0 67 b 2 0 141 
0 68 r 2 0 141 
0 68 g 2 0 141 
0 68 b 2 1 141 
1 66 r 2 0 142 
1 66 g 2 0 142 
1 66 b 2 0 142 
1 68 r 2 0 143 
1 68 g 2 0 143 
1 68 b 2 0 143 
2 66 r 2 1 143 
2 66 g 2 0 144 
2 66 b 2 0 144 
2 67 r 2 0 144 
2 67 g 2 1 144 
2 67 b 2 0 145 
2 68 r 2 0 145 
2 68 g 2 0 145 
2 68 b 2 1 145 
0 69 r 2 0 146 
0 69 g 2 0 146 
0 69 b 2 0 146 
0 70 r 2 1 146 
0 70 g 2 0 147 
0 70 b 2 0 147 
0 71 r 2 0 147 
0 71 g 2 1 147 
0 71 b 2 0 148 
1 69 r 2 0 148 
1 69 g 2 0 148 
1 69 b 2 0 149 
1 71 r 2 0 149 
1 71 g 2 0 149 
1 71 b 2 1 149 
2 69 r 2 0 150 
2 69 g 2 0 150 
2 69 b 2 0 150 
2 70 r 2 1 150 
2 70 g 2 0 151 
2 70 b 2 0 151 
2 71 r 2 0 151 
2 71 g 2 0 152 
2 71 b 2 0 152 
0 72 r 2 0 152 
